<?xml version="1.0" encoding="UTF-8"?>
<!-- Generated by org.testng.reporters.JUnitXMLReporter -->
<testsuite hostname="Aish" name="DataDriven test" tests="2" failures="0" timestamp="23 Feb 2018 06:19:25 GMT" time="163.252" errors="0">
  <testcase name="Register" time="1.683" classname="com.DataDriven.NewTours_UserRegistartion_MultipleTestData"/>
  <testcase name="UserRegistration" time="104.642" classname="com.DataDriven.NewTours_UserRegistartion_MultipleTestData"/>
</testsuite> <!-- DataDriven test -->
